# JRE version: Java(TM) SE Runtime Environment (8.0_161-b12) (build 1.8.0_161-b12)
# Java VM: Java HotSpot(TM) 64-Bit Server VM (25.161-b12 mixed mode linux-amd64 compressed oops)
Heap:
 PSYoungGen      total 104960K, used 7137K [0x00000000eab00000, 0x00000000f1900000, 0x0000000100000000)
  eden space 97792K, 0% used [0x00000000eab00000,0x00000000eab00000,0x00000000f0a80000)
  from space 7168K, 99% used [0x00000000f0a80000,0x00000000f1178500,0x00000000f1180000)
  to   space 6656K, 0% used [0x00000000f1180000,0x00000000f1180000,0x00000000f1800000)
 ParOldGen       total 43008K, used 7871K [0x00000000c0000000, 0x00000000c2a00000, 0x00000000eab00000)
  object space 43008K, 18% used [0x00000000c0000000,0x00000000c07afd20,0x00000000c2a00000)
 Metaspace       used 28741K, capacity 28970K, committed 29360K, reserved 1075200K
  class space    used 4056K, capacity 4146K, committed 4272K, reserved 1048576K
GC Heap History (10 events):
Event: 1.465 GC heap after
Heap after GC invocations=3 (full 0):
 PSYoungGen      total 28160K, used 3556K [0x00000000eab00000, 0x00000000ee200000, 0x0000000100000000)
  eden space 24576K, 0% used [0x00000000eab00000,0x00000000eab00000,0x00000000ec300000)
  from space 3584K, 99% used [0x00000000ec300000,0x00000000ec679078,0x00000000ec680000)
  to   space 3584K, 0% used [0x00000000ede80000,0x00000000ede80000,0x00000000ee200000)
 ParOldGen       total 64512K, used 215K [0x00000000c0000000, 0x00000000c3f00000, 0x00000000eab00000)
  object space 64512K, 0% used [0x00000000c0000000,0x00000000c0035e18,0x00000000c3f00000)
 Metaspace       used 11322K, capacity 11440K, committed 11520K, reserved 1058816K
  class space    used 1712K, capacity 1744K, committed 1792K, reserved 1048576K
}
Event: 2.790 GC heap before
{Heap before GC invocations=4 (full 0):
 PSYoungGen      total 28160K, used 28117K [0x00000000eab00000, 0x00000000ee200000, 0x0000000100000000)
  eden space 24576K, 99% used [0x00000000eab00000,0x00000000ec2fc6c0,0x00000000ec300000)
  from space 3584K, 99% used [0x00000000ec300000,0x00000000ec679078,0x00000000ec680000)
  to   space 3584K, 0% used [0x00000000ede80000,0x00000000ede80000,0x00000000ee200000)
 ParOldGen       total 64512K, used 215K [0x00000000c0000000, 0x00000000c3f00000, 0x00000000eab00000)
  object space 64512K, 0% used [0x00000000c0000000,0x00000000c0035e18,0x00000000c3f00000)
 Metaspace       used 14798K, capacity 14986K, committed 15104K, reserved 1062912K
  class space    used 2165K, capacity 2243K, committed 2304K, reserved 1048576K
Event: 2.813 GC heap after
Heap after GC invocations=4 (full 0):
 PSYoungGen      total 52736K, used 3583K [0x00000000eab00000, 0x00000000ee200000, 0x0000000100000000)
  eden space 49152K, 0% used [0x00000000eab00000,0x00000000eab00000,0x00000000edb00000)
  from space 3584K, 99% used [0x00000000ede80000,0x00000000ee1ffd90,0x00000000ee200000)
  to   space 3584K, 0% used [0x00000000edb00000,0x00000000edb00000,0x00000000ede80000)
 ParOldGen       total 64512K, used 1016K [0x00000000c0000000, 0x00000000c3f00000, 0x00000000eab00000)
  object space 64512K, 1% used [0x00000000c0000000,0x00000000c00fe1c8,0x00000000c3f00000)
 Metaspace       used 14798K, capacity 14986K, committed 15104K, reserved 1062912K
  class space    used 2165K, capacity 2243K, committed 2304K, reserved 1048576K
}
Event: 4.086 GC heap before
{Heap before GC invocations=5 (full 0):
 PSYoungGen      total 52736K, used 52735K [0x00000000eab00000, 0x00000000ee200000, 0x0000000100000000)
  eden space 49152K, 100% used [0x00000000eab00000,0x00000000edb00000,0x00000000edb00000)
  from space 3584K, 99% used [0x00000000ede80000,0x00000000ee1ffd90,0x00000000ee200000)
  to   space 3584K, 0% used [0x00000000edb00000,0x00000000edb00000,0x00000000ede80000)
 ParOldGen       total 64512K, used 1016K [0x00000000c0000000, 0x00000000c3f00000, 0x00000000eab00000)
  object space 64512K, 1% used [0x00000000c0000000,0x00000000c00fe1c8,0x00000000c3f00000)
 Metaspace       used 18648K, capacity 18794K, committed 18944K, reserved 1064960K
  class space    used 2704K, capacity 2787K, committed 2816K, reserved 1048576K
Event: 4.108 GC heap after
Heap after GC invocations=5 (full 0):
 PSYoungGen      total 52736K, used 3582K [0x00000000eab00000, 0x00000000f1800000, 0x0000000100000000)
  eden space 49152K, 0% used [0x00000000eab00000,0x00000000eab00000,0x00000000edb00000)
  from space 3584K, 99% used [0x00000000edb00000,0x00000000ede7faf8,0x00000000ede80000)
  to   space 6656K, 0% used [0x00000000f1180000,0x00000000f1180000,0x00000000f1800000)
 ParOldGen       total 64512K, used 4127K [0x00000000c0000000, 0x00000000c3f00000, 0x00000000eab00000)
  object space 64512K, 6% used [0x00000000c0000000,0x00000000c0407f60,0x00000000c3f00000)
 Metaspace       used 18648K, capacity 18794K, committed 18944K, reserved 1064960K
  class space    used 2704K, capacity 2787K, committed 2816K, reserved 1048576K
}
Event: 4.628 GC heap before
{Heap before GC invocations=6 (full 0):
 PSYoungGen      total 52736K, used 21036K [0x00000000eab00000, 0x00000000f1800000, 0x0000000100000000)
  eden space 49152K, 35% used [0x00000000eab00000,0x00000000ebc0b5d8,0x00000000edb00000)
  from space 3584K, 99% used [0x00000000edb00000,0x00000000ede7faf8,0x00000000ede80000)
  to   space 6656K, 0% used [0x00000000f1180000,0x00000000f1180000,0x00000000f1800000)
 ParOldGen       total 64512K, used 4127K [0x00000000c0000000, 0x00000000c3f00000, 0x00000000eab00000)
  object space 64512K, 6% used [0x00000000c0000000,0x00000000c0407f60,0x00000000c3f00000)
 Metaspace       used 20998K, capacity 21200K, committed 21296K, reserved 1067008K
  class space    used 2980K, capacity 3077K, committed 3120K, reserved 1048576K
Event: 4.656 GC heap after
Heap after GC invocations=6 (full 0):
 PSYoungGen      total 104448K, used 5611K [0x00000000eab00000, 0x00000000f1900000, 0x0000000100000000)
  eden space 97792K, 0% used [0x00000000eab00000,0x00000000eab00000,0x00000000f0a80000)
  from space 6656K, 84% used [0x00000000f1180000,0x00000000f16facc8,0x00000000f1800000)
  to   space 7168K, 0% used [0x00000000f0a80000,0x00000000f0a80000,0x00000000f1180000)
 ParOldGen       total 64512K, used 4135K [0x00000000c0000000, 0x00000000c3f00000, 0x00000000eab00000)
  object space 64512K, 6% used [0x00000000c0000000,0x00000000c0409f60,0x00000000c3f00000)
 Metaspace       used 20998K, capacity 21200K, committed 21296K, reserved 1067008K
  class space    used 2980K, capacity 3077K, committed 3120K, reserved 1048576K
}
Event: 4.657 GC heap before
{Heap before GC invocations=7 (full 1):
 PSYoungGen      total 104448K, used 5611K [0x00000000eab00000, 0x00000000f1900000, 0x0000000100000000)
  eden space 97792K, 0% used [0x00000000eab00000,0x00000000eab00000,0x00000000f0a80000)
  from space 6656K, 84% used [0x00000000f1180000,0x00000000f16facc8,0x00000000f1800000)
  to   space 7168K, 0% used [0x00000000f0a80000,0x00000000f0a80000,0x00000000f1180000)
 ParOldGen       total 64512K, used 4135K [0x00000000c0000000, 0x00000000c3f00000, 0x00000000eab00000)
  object space 64512K, 6% used [0x00000000c0000000,0x00000000c0409f60,0x00000000c3f00000)
 Metaspace       used 20998K, capacity 21200K, committed 21296K, reserved 1067008K
  class space    used 2980K, capacity 3077K, committed 3120K, reserved 1048576K
Event: 4.736 GC heap after
Heap after GC invocations=7 (full 1):
 PSYoungGen      total 104448K, used 0K [0x00000000eab00000, 0x00000000f1900000, 0x0000000100000000)
  eden space 97792K, 0% used [0x00000000eab00000,0x00000000eab00000,0x00000000f0a80000)
  from space 6656K, 0% used [0x00000000f1180000,0x00000000f1180000,0x00000000f1800000)
  to   space 7168K, 0% used [0x00000000f0a80000,0x00000000f0a80000,0x00000000f1180000)
 ParOldGen       total 43008K, used 5953K [0x00000000c0000000, 0x00000000c2a00000, 0x00000000eab00000)
  object space 43008K, 13% used [0x00000000c0000000,0x00000000c05d06b0,0x00000000c2a00000)
 Metaspace       used 20998K, capacity 21200K, committed 21296K, reserved 1067008K
  class space    used 2980K, capacity 3077K, committed 3120K, reserved 1048576K
}
Event: 66.109 GC heap before
{Heap before GC invocations=8 (full 1):
 PSYoungGen      total 104448K, used 97792K [0x00000000eab00000, 0x00000000f1900000, 0x0000000100000000)
  eden space 97792K, 100% used [0x00000000eab00000,0x00000000f0a80000,0x00000000f0a80000)
  from space 6656K, 0% used [0x00000000f1180000,0x00000000f1180000,0x00000000f1800000)
  to   space 7168K, 0% used [0x00000000f0a80000,0x00000000f0a80000,0x00000000f1180000)
 ParOldGen       total 43008K, used 5953K [0x00000000c0000000, 0x00000000c2a00000, 0x00000000eab00000)
  object space 43008K, 13% used [0x00000000c0000000,0x00000000c05d06b0,0x00000000c2a00000)
 Metaspace       used 28741K, capacity 28970K, committed 29360K, reserved 1075200K
  class space    used 4056K, capacity 4146K, committed 4272K, reserved 1048576K

